OICSDK/proguard/seeds.txt
com.oic.sdk.OicActivity
com.oic.sdk.OicActivity: OicActivity()
com.oic.sdk.OicActivity: void btnClicked(android.view.View)
com.oic.sdk.R$anim: int abc_fade_in
com.oic.sdk.R$anim: int abc_fade_out
com.oic.sdk.R$anim: int abc_slide_in_bottom
com.oic.sdk.R$anim: int abc_slide_in_top
com.oic.sdk.R$anim: int abc_slide_out_bottom
com.oic.sdk.R$anim: int abc_slide_out_top
com.oic.sdk.R$anim: int anim_btn_start
com.oic.sdk.R$anim: int anim_hot_promotion
com.oic.sdk.R$anim: int item_gift_fade_in
com.oic.sdk.R$anim: int item_gift_fade_out
com.oic.sdk.R$attr: int actionBarDivider
com.oic.sdk.R$attr: int actionBarItemBackground
com.oic.sdk.R$attr: int actionBarSize
com.oic.sdk.R$attr: int actionBarSplitStyle
com.oic.sdk.R$attr: int actionBarStyle
com.oic.sdk.R$attr: int actionBarTabBarStyle
com.oic.sdk.R$attr: int actionBarTabStyle
com.oic.sdk.R$attr: int actionBarTabTextStyle
com.oic.sdk.R$attr: int actionBarWidgetTheme
com.oic.sdk.R$attr: int actionButtonStyle
com.oic.sdk.R$attr: int actionDropDownStyle
com.oic.sdk.R$attr: int actionLayout
com.oic.sdk.R$attr: int actionMenuTextAppearance
com.oic.sdk.R$attr: int actionMenuTextColor
com.oic.sdk.R$attr: int actionModeBackground
com.oic.sdk.R$attr: int actionModeCloseButtonStyle
com.oic.sdk.R$attr: int actionModeCloseDrawable
com.oic.sdk.R$attr: int actionModeCopyDrawable
com.oic.sdk.R$attr: int actionModeCutDrawable
com.oic.sdk.R$attr: int actionModeFindDrawable
com.oic.sdk.R$attr: int actionModePasteDrawable
com.oic.sdk.R$attr: int actionModePopupWindowStyle
com.oic.sdk.R$attr: int actionModeSelectAllDrawable
com.oic.sdk.R$attr: int actionModeShareDrawable
com.oic.sdk.R$attr: int actionModeSplitBackground
com.oic.sdk.R$attr: int actionModeStyle
com.oic.sdk.R$attr: int actionModeWebSearchDrawable
com.oic.sdk.R$attr: int actionOverflowButtonStyle
com.oic.sdk.R$attr: int actionProviderClass
com.oic.sdk.R$attr: int actionViewClass
com.oic.sdk.R$attr: int activityChooserViewStyle
com.oic.sdk.R$attr: int adSize
com.oic.sdk.R$bool: int abc_action_bar_embed_tabs_pre_jb
com.oic.sdk.R$bool: int abc_action_bar_expanded_action_views_exclusive
com.oic.sdk.R$bool: int abc_config_actionMenuItemAllCaps
com.oic.sdk.R$bool: int abc_config_allowActionMenuItemTextWithIcon
com.oic.sdk.R$bool: int abc_config_showMenuShortcutsWhenKeyboardPresent
com.oic.sdk.R$bool: int abc_split_action_bar_is_narrow
com.oic.sdk.R$color: int abc_search_url_text_holo
com.oic.sdk.R$color: int abc_search_url_text_normal
com.oic.sdk.R$color: int abc_search_url_text_pressed
com.oic.sdk.R$color: int abc_search_url_text_selected
com.oic.sdk.R$color: int actionbar_title_selected
com.oic.sdk.R$color: int base_color
com.oic.sdk.R$color: int base_color_dark
com.oic.sdk.R$color: int common_action_bar_splitter
com.oic.sdk.R$color: int common_signin_btn_dark_text_default
com.oic.sdk.R$color: int common_signin_btn_dark_text_disabled
com.oic.sdk.R$color: int common_signin_btn_dark_text_focused
com.oic.sdk.R$color: int common_signin_btn_dark_text_pressed
com.oic.sdk.R$color: int common_signin_btn_default_background
com.oic.sdk.R$color: int common_signin_btn_light_text_default
com.oic.sdk.R$color: int common_signin_btn_light_text_disabled
com.oic.sdk.R$color: int common_signin_btn_light_text_focused
com.oic.sdk.R$color: int common_signin_btn_light_text_pressed
com.oic.sdk.R$color: int common_signin_btn_text_dark
com.oic.sdk.R$color: int common_signin_btn_text_light
com.oic.sdk.R$color: int counter_text_bg
com.oic.sdk.R$color: int counter_text_color
com.oic.sdk.R$color: int home_tab_3_text_normal
com.oic.sdk.R$color: int home_tab_3_text_select
com.oic.sdk.R$color: int menu_bg_food
com.oic.sdk.R$color: int menu_bg_food_select
com.oic.sdk.R$color: int menu_bg_healthcare
com.oic.sdk.R$color: int menu_bg_healthcare_select
com.oic.sdk.R$color: int menu_bg_play
...
android.support.v7.appcompat.R$string: int abc_action_bar_home_description
android.support.v7.appcompat.R$string: int abc_action_bar_up_description
android.support.v7.appcompat.R$string: int abc_action_menu_overflow_description
android.support.v7.appcompat.R$string: int abc_action_mode_done
android.support.v7.appcompat.R$string: int abc_activity_chooser_view_see_all
android.support.v7.appcompat.R$string: int abc_activitychooserview_choose_application
android.support.v7.appcompat.R$string: int abc_searchview_description_clear
android.support.v7.appcompat.R$string: int abc_searchview_description_query
android.support.v7.appcompat.R$string: int abc_searchview_description_search
android.support.v7.appcompat.R$string: int abc_searchview_description_submit
android.support.v7.appcompat.R$string: int abc_searchview_description_voice
android.support.v7.appcompat.R$string: int abc_shareactionprovider_share_with
android.support.v7.appcompat.R$string: int abc_shareactionprovider_share_with_application
android.support.v7.appcompat.R$style: int TextAppearance_AppCompat_Base_CompactMenu_Dialog
android.support.v7.appcompat.R$style: int TextAppearance_AppCompat_Base_SearchResult
android.support.v7.appcompat.R$style: int TextAppearance_AppCompat_Base_SearchResult_Subtitle
android.support.v7.appcompat.R$style: int TextAppearance_AppCompat_Base_SearchResult_Title
android.support.v7.appcompat.R$style: int TextAppearance_AppCompat_Base_Widget_PopupMenu_Large
android.support.v7.appcompat.R$style: int TextAppearance_AppCompat_Base_Widget_PopupMenu_Small
android.support.v7.appcompat.R$style: int TextAppearance_AppCompat_Light_Base_SearchResult
android.support.v7.appcompat.R$style: int TextAppearance_AppCompat_Light_Base_SearchResult_Subtitle
android.support.v7.appcompat.R$style: int TextAppearance_AppCompat_Light_Base_SearchResult_Title
android.support.v7.appcompat.R$style: int TextAppearance_AppCompat_Light_Base_Widget_PopupMenu_Large
android.support.v7.appcompat.R$style: int TextAppearance_AppCompat_Light_Base_Widget_PopupMenu_Small
android.support.v7.appcompat.R$style: int TextAppearance_AppCompat_Light_SearchResult_Subtitle
android.support.v7.appcompat.R$style: int TextAppearance_AppCompat_Light_SearchResult_Title
android.support.v7.appcompat.R$style: int TextAppearance_AppCompat_Light_Widget_PopupMenu_Large
android.support.v7.appcompat.R$style: int TextAppearance_AppCompat_Light_Widget_PopupMenu_Small
android.support.v7.appcompat.R$styleable: int[] ActionBar
android.support.v7.appcompat.R$styleable: int[] ActionBarLayout
android.support.v7.appcompat.R$styleable: int ActionBarLayout_android_layout_gravity
android.support.v7.appcompat.R$styleable: int[] ActionBarWindow
android.support.v7.appcompat.R$styleable: int ActionBarWindow_windowActionBar
android.support.v7.appcompat.R$styleable: int ActionBarWindow_windowActionBarOverlay
android.support.v7.appcompat.R$styleable: int ActionBarWindow_windowSplitActionBar
android.support.v7.appcompat.R$styleable: int ActionBar_background
android.support.v7.appcompat.R$styleable: int ActionBar_backgroundSplit
android.support.v7.appcompat.R$styleable: int ActionBar_backgroundStacked
android.support.v7.appcompat.R$styleable: int ActionBar_customNavigationLayout
android.support.v7.appcompat.R$styleable: int ActionBar_displayOptions
android.support.v7.appcompat.R$styleable: int ActionBar_divider
android.support.v7.appcompat.R$styleable: int ActionBar_height
android.support.v7.appcompat.R$styleable: int ActionBar_homeLayout
android.support.v7.appcompat.R$styleable: int ActionBar_icon
android.support.v7.appcompat.R$styleable: int ActionBar_indeterminateProgressStyle
android.support.v7.appcompat.R$styleable: int ActionBar_itemPadding
android.support.v7.appcompat.R$styleable: int ActionBar_logo
android.support.v7.appcompat.R$styleable: int ActionBar_navigationMode