OICSDK/proguard/mapping.txt
com.oic.sdk.OicActivity -> com.oic.sdk.OicActivity:
    int currentTab -> o
    com.oic.sdk.data.UserData currentUser -> p
    com.oic.sdk.data.OverlayData departmentData -> q
    com.oic.sdk.data.OverlayData storeData -> r
    com.oic.sdk.data.OverlayData routeData -> s
    com.oic.sdk.view.OicMapView mapView -> t
    com.oic.sdk.view.OicMapController mapController -> u
    com.oic.sdk.view.layer.LayerDepartment departmentLayer -> v
    com.oic.sdk.view.layer.LayerStore storeLayer -> w
    com.oic.sdk.view.layer.LayerRoute routeLayer -> x
    com.oic.sdk.view.layer.LayerLocation locationLayer -> y
    com.oic.sdk.algorithm.Pathfinder algorithm -> z
    android.view.View layoutLoading -> A
    android.view.View storeDetail -> B
    android.widget.ImageView detailLogo -> C
    android.widget.TextView detailStoreTitle -> D
    android.widget.ListView listFloors -> E
    android.widget.ImageButton btnSaved -> F
    com.readystatesoftware.viewbadger.BadgeView badge -> G
    android.widget.TextView tabStore -> H
    android.widget.TextView tabMap -> I
    android.widget.TextView tabGift -> J
    android.view.View layoutList -> K
    android.view.View layoutMap -> L
    android.view.View layoutGift -> M
    android.widget.AutoCompleteTextView actv -> N
    com.oic.sdk.adapter.FloorAdapter floorAdapter -> O
    java.util.ArrayList lstFloorId -> P
    com.oic.sdk.view.render.PointRender currentStore -> Q
com.oic.sdk.OicActivity$1 -> com.oic.sdk.a:
    com.oic.sdk.OicActivity this$0 -> a
    void onClick(android.view.View) -> onClick
com.oic.sdk.OicActivity$10 -> com.oic.sdk.b:
    com.oic.sdk.OicActivity this$0 -> a
    void onCompletion(android.media.MediaPlayer) -> onCompletion
com.oic.sdk.OicActivity$11 -> com.oic.sdk.c:
    com.oic.sdk.OicActivity this$0 -> a
    void onItemClick(android.widget.AdapterView,android.view.View,int,long) -> onItemClick
com.oic.sdk.OicActivity$12 -> com.oic.sdk.d:
    com.oic.sdk.OicActivity this$0 -> a
    android.app.Dialog val$dialog -> b
    void onItemClick(android.widget.AdapterView,android.view.View,int,long) -> onItemClick
com.oic.sdk.OicActivity$2 -> com.oic.sdk.e:
    com.oic.sdk.OicActivity this$0 -> a
    void onItemClick(android.widget.AdapterView,android.view.View,int,long) -> onItemClick
com.oic.sdk.OicActivity$3 -> com.oic.sdk.f:
    com.oic.sdk.OicActivity this$0 -> a
    void onStoreLongClick(com.oic.sdk.view.render.PointRender) -> a
    void onStoreClick(com.oic.sdk.view.render.PointRender) -> b
    void onNothingClick() -> a
    void onStoreDetailClick(com.oic.sdk.view.render.PointRender) -> c
    void onNothingLongClick() -> b
    boolean onBtnLeftClick(com.oic.sdk.view.render.PointRender) -> d
    boolean onBtnRightClick(com.oic.sdk.view.render.PointRender) -> e
com.oic.sdk.OicActivity$4 -> com.oic.sdk.g:
    com.oic.sdk.OicActivity this$0 -> a
    void onLoadStartUI() -> a
    void onLoadWorker(com.oic.sdk.io.OicLoader$OicMapDataLoad) -> a
    void onLoadComplete(com.oic.sdk.io.OicLoader$OicMapDataLoad) -> b
    void onLoadFailed(java.lang.Exception) -> a
    com.oic.sdk.OicActivity access$0(com.oic.sdk.OicActivity$4) -> a
com.oic.sdk.OicActivity$4$1 -> com.oic.sdk.h:
    com.oic.sdk.OicActivity$4 this$1 -> a
    void onRotate(float,float,float) -> a
com.oic.sdk.OicActivity$5 -> com.oic.sdk.i:
    com.oic.sdk.OicActivity this$0 -> a
    com.oic.sdk.view.render.PointRender val$store -> b
    void refresh(java.util.ArrayList) -> a
com.oic.sdk.OicActivity$6 -> com.oic.sdk.j:
    com.oic.sdk.OicActivity this$0 -> a
    void run() -> run
...
com.google.android.gms.wallet.j -> com.google.android.gms.wallet.j:
    com.google.android.gms.wallet.OfferWalletObject W(android.os.Parcel) -> a
    com.google.android.gms.wallet.OfferWalletObject[] aB(int) -> a
    void a(com.google.android.gms.wallet.OfferWalletObject,android.os.Parcel,int) -> a
    java.lang.Object[] newArray(int) -> newArray
    java.lang.Object createFromParcel(android.os.Parcel) -> createFromParcel
com.google.android.gms.wallet.k -> com.google.android.gms.wallet.k:
    com.google.android.gms.wallet.ProxyCard X(android.os.Parcel) -> a
    com.google.android.gms.wallet.ProxyCard[] aC(int) -> a
    void a(com.google.android.gms.wallet.ProxyCard,android.os.Parcel,int) -> a
    java.lang.Object[] newArray(int) -> newArray
    java.lang.Object createFromParcel(android.os.Parcel) -> createFromParcel
com.google.gson.DefaultDateTypeAdapter -> com.google.a.a:
    java.text.DateFormat enUsFormat -> a
    java.text.DateFormat localFormat -> b
    java.text.DateFormat iso8601Format -> c
    com.google.gson.JsonElement serialize(java.util.Date,java.lang.reflect.Type,com.google.gson.JsonSerializationContext) -> a
    java.util.Date deserialize(com.google.gson.JsonElement,java.lang.reflect.Type,com.google.gson.JsonDeserializationContext) -> a
    java.util.Date deserializeToDate(com.google.gson.JsonElement) -> a
    java.lang.String toString() -> toString
    com.google.gson.JsonElement serialize(java.lang.Object,java.lang.reflect.Type,com.google.gson.JsonSerializationContext) -> a
    java.lang.Object deserialize(com.google.gson.JsonElement,java.lang.reflect.Type,com.google.gson.JsonDeserializationContext) -> b
com.google.gson.ExclusionStrategy -> com.google.a.b:
    boolean shouldSkipField(com.google.gson.FieldAttributes) -> a
    boolean shouldSkipClass(java.lang.Class) -> a
com.google.gson.FieldAttributes -> com.google.a.c:
    java.lang.reflect.Field field -> a
com.google.gson.FieldNamingPolicy -> com.google.a.d:
    com.google.gson.FieldNamingPolicy IDENTITY -> a
    com.google.gson.FieldNamingPolicy UPPER_CAMEL_CASE -> b
    com.google.gson.FieldNamingPolicy UPPER_CAMEL_CASE_WITH_SPACES -> c
    com.google.gson.FieldNamingPolicy LOWER_CASE_WITH_UNDERSCORES -> d
    com.google.gson.FieldNamingPolicy LOWER_CASE_WITH_DASHES -> e
    com.google.gson.FieldNamingPolicy[] $VALUES -> f
    com.google.gson.FieldNamingPolicy[] values() -> values
    com.google.gson.FieldNamingPolicy valueOf(java.lang.String) -> valueOf
    java.lang.String separateCamelCase(java.lang.String,java.lang.String) -> b
    java.lang.String upperCaseFirstLetter(java.lang.String) -> b
    java.lang.String modifyString(char,java.lang.String,int) -> a
    java.lang.String access$100(java.lang.String) -> a
    java.lang.String access$200(java.lang.String,java.lang.String) -> a
com.google.gson.FieldNamingPolicy$1 -> com.google.a.e:
    java.lang.String translateName(java.lang.reflect.Field) -> a
com.google.gson.FieldNamingPolicy$2 -> com.google.a.f:
    java.lang.String translateName(java.lang.reflect.Field) -> a
com.google.gson.FieldNamingPolicy$3 -> com.google.a.g:
    java.lang.String translateName(java.lang.reflect.Field) -> a
com.google.gson.FieldNamingPolicy$4 -> com.google.a.h:
    java.lang.String translateName(java.lang.reflect.Field) -> a
com.google.gson.FieldNamingPolicy$5 -> com.google.a.i:
    java.lang.String translateName(java.lang.reflect.Field) -> a
com.google.gson.FieldNamingStrategy -> com.google.a.j:
    java.lang.String translateName(java.lang.reflect.Field) -> a