OICSDK/proguard/usage.txt
com.oic.sdk.BuildConfig
com.oic.sdk.OicActivity:
    public static final java.lang.String TAG
    public static final int TAB_LIST
    public static final int TAB_MAP
    public static final int TAB_GIFT
    com.oic.sdk.io.OicLoader$OicMapDataLoad data
    android.graphics.PointF start
    android.graphics.PointF end
    com.oic.sdk.io.OicLoader thread
com.oic.sdk.R:
    10:10:public R()
com.oic.sdk.R$anim
com.oic.sdk.R$attr
com.oic.sdk.R$bool
com.oic.sdk.R$color
com.oic.sdk.R$dimen
com.oic.sdk.R$drawable
com.oic.sdk.R$id
com.oic.sdk.R$integer
com.oic.sdk.R$layout
com.oic.sdk.R$menu
com.oic.sdk.R$raw
com.oic.sdk.R$string
com.oic.sdk.R$style
com.oic.sdk.R$styleable:
    1984:1984:public R$styleable()
com.oic.sdk.R$xml
com.oic.sdk.abs.AbsMapView:
    public abstract android.graphics.PointF getPixelFromLatLong(float,float)
    public abstract android.graphics.PointF getLatLongFromPixel(float,float)
com.oic.sdk.abs.AbsOverlay:
    public abstract void setMapConfig(com.oic.sdk.view.util.MapConfig)
    public abstract void setDataOverlay(com.oic.sdk.view.util.MapConfig,com.oic.sdk.data.OverlayData)
    49:50:public void setVisible(boolean)
com.oic.sdk.activity.FindBaby:
    public static final int RESULT_LOAD_IMAGE
com.oic.sdk.activity.RouteActivity:
    public static final java.lang.String TAG
    public static final int GET_DIR_REQUEST
    public static final java.lang.String ID_MY_LOCATION
    public static final java.lang.String ID_START
    public static final java.lang.String ID_END
    public static final java.lang.String IS_HAS_MYLOCATION
com.oic.sdk.activity.SettingActivity:
    public static final int ACTION_CODE_SETTING
    95:97:public void setTitle(java.lang.String)
com.oic.sdk.activity.SplashActivity:
    public static final java.lang.String TAG
    public static final int ACTION_CODE_SETTING
com.oic.sdk.activity.StoreActivity:
    public static final java.lang.String STATE_STORE_ID
    public static final int GET_STORE
com.oic.sdk.adapter.GiftAdapter$GiftData:
    public java.lang.String storeName
com.oic.sdk.adapter.MenuAdapter:
    29:29:public int getCurrentItemSelected()
com.oic.sdk.adapter.MenuAdapter$ItemMenu:
    public static final java.lang.String MENU_ALL
    public static final java.lang.String MENU_FOOD
    public static final java.lang.String MENU_PLAY
    public static final java.lang.String MENU_SHOP
    public static final java.lang.String MENU_HEALTH
    public static final java.lang.String MENU_NOTIFY
    public static final java.lang.String MENU_SETTING
com.oic.sdk.adapter.NodeAdapter
com.oic.sdk.adapter.NodeAdapter$1
com.oic.sdk.adapter.NodeAdapter$OnStoreItemClickListener
com.oic.sdk.adapter.NodeAdapter$ViewHolder
com.oic.sdk.adapter.SavedPlaceAdapter$OnSavedPlaceClickListener
com.oic.sdk.algorithm.Pathfinder:
    45:47:public Pathfinder(int,int,float)
    49:51:public Pathfinder(int,int,int,float)
    61:138:public java.util.ArrayList aStar(com.oic.sdk.data.Node,com.oic.sdk.data.Node)
    144:211:public java.util.ArrayList bfs(com.oic.sdk.data.Node,com.oic.sdk.data.Node)
    263:268:public java.util.ArrayList getPath(com.oic.sdk.data.Node)
    274:276:public void setCuboidNodes(int,int,float)
    279:281:public void setCuboidNodes(int,int,int,float)
    284:285:public void addNodes(java.util.ArrayList)
    291:291:public java.util.ArrayList createCuboidNodes(int,int,float)
    296:296:public java.util.ArrayList createCuboidNodes(int,int,int,float)
    313:400:private java.util.ArrayList createCuboidNodes(int[],float)
    406:412:public void disconnectUnwalkables()
    415:421:public void radialDisconnectUnwalkables()
    444:450:public int indexOf(com.oic.sdk.data.Node)
    457:473:public int[] getFolded(int,int[])
    480:488:public int getUnfolded(int[],int[])
com.oic.sdk.config.GPS
com.oic.sdk.config.GPS$locationUpdating
...
com.google.android.gms.common.Scopes
com.google.android.gms.common.SignInButton
com.google.android.gms.common.UserRecoverableException
com.google.android.gms.common.a
com.google.android.gms.common.annotation.KeepName
com.google.android.gms.common.data.DataBuffer
com.google.android.gms.common.data.DataBufferUtils
com.google.android.gms.common.data.Freezable:
    public abstract boolean isDataValid()
com.google.android.gms.common.data.a
com.google.android.gms.common.data.b:
    public boolean isDataValid()
    protected byte[] getByteArray(java.lang.String)
    protected void a(java.lang.String,android.database.CharArrayBuffer)
com.google.android.gms.common.data.c
com.google.android.gms.common.data.d:
    public d(java.lang.String[],android.database.CursorWindow[],int,android.os.Bundle)
    public void b(java.lang.Object)
    private d(com.google.android.gms.common.data.d$a,int,android.os.Bundle)
    private static android.database.CursorWindow[] a(com.google.android.gms.common.data.d$a)
    public byte[] e(java.lang.String,int,int)
    public void a(java.lang.String,int,int,android.database.CharArrayBuffer)
    public static com.google.android.gms.common.data.d r(int)
    public static com.google.android.gms.common.data.d a(int,android.os.Bundle)
com.google.android.gms.common.data.d$a:
    static synthetic java.lang.String[] b(com.google.android.gms.common.data.d$a)
    static synthetic java.util.ArrayList c(com.google.android.gms.common.data.d$a)
com.google.android.gms.common.data.f
com.google.android.gms.common.images.ImageManager:
    private static com.google.android.gms.common.images.ImageManager jE
    private static com.google.android.gms.common.images.ImageManager jF
    public static com.google.android.gms.common.images.ImageManager create(android.content.Context)
    public static com.google.android.gms.common.images.ImageManager a(android.content.Context,boolean)
    private ImageManager(android.content.Context,boolean)
    private void aO()
    public void loadImage(android.widget.ImageView,android.net.Uri)
    public void loadImage(android.widget.ImageView,int)
    public void loadImage(android.widget.ImageView,android.net.Uri,int)
    public void loadImage(com.google.android.gms.common.images.ImageManager$OnImageLoadedListener,android.net.Uri)
    public void loadImage(com.google.android.gms.common.images.ImageManager$OnImageLoadedListener,android.net.Uri,int)
    public void a(com.google.android.gms.common.images.a)
    private boolean b(com.google.android.gms.common.images.a)
    private android.graphics.Bitmap a(com.google.android.gms.common.images.a$a)
    static synthetic boolean a(com.google.android.gms.common.images.ImageManager,com.google.android.gms.common.images.a)
    static synthetic android.graphics.Bitmap a(com.google.android.gms.common.images.ImageManager,com.google.android.gms.common.images.a$a)
com.google.android.gms.common.images.ImageManager$ImageReceiver:
    ImageManager$ImageReceiver(com.google.android.gms.common.images.ImageManager,android.net.Uri)
    public void c(com.google.android.gms.common.images.a)
    public void d(com.google.android.gms.common.images.a)
    public void aR()
com.google.android.gms.common.images.ImageManager$a
com.google.android.gms.common.images.ImageManager$b:
    public ImageManager$b(android.content.Context)
    private static int q(android.content.Context)
com.google.android.gms.common.images.ImageManager$d
com.google.android.gms.common.images.ImageManager$e
com.google.android.gms.common.images.a:
    private int jT
    public a(android.net.Uri)
    public a(int)
    public void v(int)
    public void a(com.google.android.gms.common.images.ImageManager$OnImageLoadedListener)
    public void a(android.widget.ImageView)
    void r(android.content.Context)
com.google.android.gms.common.internal.safeparcel.SafeParcelable:
    public static final java.lang.String NULL